<?xml version="1.0" encoding="UTF-8"?>
<!-- Generated by org.testng.reporters.JUnitXMLReporter -->
<testsuite ignored="0" hostname="nazareno-MS-7C31" failures="0" tests="3" name="Github Tests" time="26.171" errors="0" timestamp="2024-02-07T19:11:26 ART">
  <testcase classname="com.solvd.automation.gui.WebGithubTest" name="validateWrongLoginAttemptTest" time="6.63"/>
  <testcase classname="com.solvd.automation.gui.WebGithubTest" name="verifySearchResultsTest" time="11.134"/>
  <testcase classname="com.solvd.automation.gui.WebGithubTest" name="verifyRegisterProcessTest" time="25.967"/>
</testsuite> <!-- Github Tests -->
