<?xml version="1.0" encoding="UTF-8"?>
<testng-results ignored="0" total="3" passed="3" failed="0" skipped="0">
  <reporter-output>
  </reporter-output>
  <suite started-at="2024-02-07T19:11:00 ART" name="Github Automated Tests" finished-at="2024-02-07T19:11:26 ART" duration-ms="26171">
    <groups>
    </groups>
    <test started-at="2024-02-07T19:11:00 ART" name="Github Tests" finished-at="2024-02-07T19:11:26 ART" duration-ms="26171">
      <class name="com.solvd.automation.gui.WebGithubTest">
        <test-method signature="verifyRegisterProcessTest()[pri:0, instance:com.solvd.automation.gui.WebGithubTest@4c663fda]" started-at="2024-02-07T19:11:00 ART" name="verifyRegisterProcessTest" finished-at="2024-02-07T19:11:26 ART" duration-ms="25967" status="PASS">
          <reporter-output>
          </reporter-output>
        </test-method> <!-- verifyRegisterProcessTest -->
        <test-method signature="verifySearchResultsTest()[pri:0, instance:com.solvd.automation.gui.WebGithubTest@4c663fda]" started-at="2024-02-07T19:11:00 ART" name="verifySearchResultsTest" finished-at="2024-02-07T19:11:11 ART" duration-ms="11134" status="PASS">
          <reporter-output>
          </reporter-output>
        </test-method> <!-- verifySearchResultsTest -->
        <test-method signature="validateWrongLoginAttemptTest()[pri:0, instance:com.solvd.automation.gui.WebGithubTest@4c663fda]" started-at="2024-02-07T19:11:00 ART" name="validateWrongLoginAttemptTest" finished-at="2024-02-07T19:11:07 ART" duration-ms="6630" status="PASS">
          <reporter-output>
          </reporter-output>
        </test-method> <!-- validateWrongLoginAttemptTest -->
        <test-method is-config="true" signature="onCarinaAfterMethod()[pri:0, instance:com.solvd.automation.gui.WebGithubTest@4c663fda]" started-at="2024-02-07T19:11:07 ART" name="onCarinaAfterMethod" finished-at="2024-02-07T19:11:07 ART" duration-ms="3" status="PASS">
          <reporter-output>
          </reporter-output>
        </test-method> <!-- onCarinaAfterMethod -->
        <test-method is-config="true" signature="onCarinaAfterMethod()[pri:0, instance:com.solvd.automation.gui.WebGithubTest@4c663fda]" started-at="2024-02-07T19:11:11 ART" name="onCarinaAfterMethod" finished-at="2024-02-07T19:11:11 ART" duration-ms="1" status="PASS">
          <reporter-output>
          </reporter-output>
        </test-method> <!-- onCarinaAfterMethod -->
        <test-method is-config="true" signature="onCarinaAfterMethod()[pri:0, instance:com.solvd.automation.gui.WebGithubTest@4c663fda]" started-at="2024-02-07T19:11:26 ART" name="onCarinaAfterMethod" finished-at="2024-02-07T19:11:26 ART" duration-ms="1" status="PASS">
          <reporter-output>
          </reporter-output>
        </test-method> <!-- onCarinaAfterMethod -->
      </class> <!-- com.solvd.automation.gui.WebGithubTest -->
    </test> <!-- Github Tests -->
  </suite> <!-- Github Automated Tests -->
</testng-results>
